Build started 4/7/2016 5:21:43 PM.
     1>Project "Z:\CS172\Homework\hw5-LiangCh11\hw5-LiangCh11\hw5-LiangCh11.vcxproj" on node 2 (Build target(s)).
     1>ClCompile:
         C:\Program Files (x86)\Microsoft Visual Studio 14.0\VC\bin\CL.exe /c /ZI /nologo /W3 /WX- /Od /Oy- /D WIN32 /D _DEBUG /D _CONSOLE /D _UNICODE /D UNICODE /Gm /EHsc /RTC1 /MDd /GS /fp:precise /Zc:wchar_t /Zc:forScope /Zc:inline /Fo"Debug\\" /Fd"Debug\vc140.pdb" /Gd /TP /analyze- /errorReport:prompt Source.cpp
         Source.cpp
     1>z:\cs172\homework\hw5-liangch11\hw5-liangch11\header.h(6): error C2065: 'cout': undeclared identifier
     1>z:\cs172\homework\hw5-liangch11\hw5-liangch11\header.h(7): error C2065: 'cin': undeclared identifier
     1>z:\cs172\homework\hw5-liangch11\hw5-liangch11\header.h(13): error C2065: 'cout': undeclared identifier
     1>z:\cs172\homework\hw5-liangch11\hw5-liangch11\header.h(14): error C2065: 'cin': undeclared identifier
     1>z:\cs172\homework\hw5-liangch11\hw5-liangch11\header.h(51): error C2065: 'cout': undeclared identifier
     1>Done Building Project "Z:\CS172\Homework\hw5-LiangCh11\hw5-LiangCh11\hw5-LiangCh11.vcxproj" (Build target(s)) -- FAILED.

Build FAILED.

Time Elapsed 00:00:01.32
